81/603 tests failed
FAIL dependent-type-member-pointer.cpp
FAIL template/2010-05-11-alwaysinlineinstantiation.cpp
FAIL attr/trivial-auto-var-init-attribute.cpp
FAIL template/address-of-fntemplate.cpp
FAIL vtable-key-function.cpp
FAIL vtable-key-function-address-space.cpp
FAIL extern/alias-available-externally.cpp
FAIL enable_if.cpp
FAIL ctordtor/default-constructor-template-member.cpp
FAIL exception/linetable-eh.cpp
FAIL atomic-align.cpp
FAIL 2006-09-12-OpaqueStructCrash.cpp
FAIL template/visibility-hidden-extern-templates.cpp
FAIL virtual/virtual-bases.cpp
FAIL clang-abi-compat.cpp
FAIL mdefault-visibility-export-mapping.cpp
FAIL template/template-linkage.cpp
FAIL thunk-use-after-free.cpp
FAIL dso-local-executable.cpp
FAIL new-delete/delete.cpp
FAIL alloc-size.cpp
FAIL static-initializer-branch-weights.cpp
FAIL ctordtor/assign-construct-memcpy.cpp
FAIL builtins.cpp
FAIL lambda/vla-lambda-capturing.cpp
FAIL ctordtor/constructors.cpp
FAIL builtin-std-move.cpp
FAIL visibility-inlines-hidden.cpp
FAIL vtable-linkage-address-space.cpp
FAIL template/explicit-instantiation.cpp
FAIL linkage.cpp
FAIL vtable-linkage.cpp
FAIL ctor-dtor-alias.cpp
FAIL exception/cxx11-exception-spec.cpp
FAIL template/template-instantiation.cpp
FAIL ctordtor/destructors.cpp
FAIL ctordtor/inheriting-constructor.cpp
FAIL nrvo.cpp
FAIL value-init.cpp
FAIL vtable-available-externally.cpp
FAIL visibility.cpp
FAIL exception/exception-spec-decay.cpp
FAIL rtti-qualfn.cpp
FAIL exception/throw-expression-cleanup.cpp
FAIL vararg-non-pod.cpp
FAIL runtimecc.cpp
FAIL exception/threadsafe-statics-exceptions.cpp
FAIL virtual/devirtualize-virtual-function-calls.cpp
FAIL exception/throw-expressions.cpp
FAIL dynamic-cast.cpp
FAIL goto.cpp
FAIL switch-case-folding.cpp
FAIL switch-case-folding-1.cpp
FAIL trap-fnattr.cpp
FAIL typeid-with-address-space.cpp
FAIL exception/exceptions.cpp
FAIL exception/try-catch-with-address-space.cpp
FAIL exception/throw-expression-dtor.cpp
FAIL const-init.cpp
FAIL exception/try-catch.cpp
FAIL typeid.cpp
FAIL no-odr-use.cpp
FAIL exception/eh-aggregate-copy-destroy.cpp
FAIL dynamic-cast-address-space.cpp
FAIL switch-case-folding-2.cpp
FAIL unwind-inline-asm.cpp
FAIL exception/eh-aggregated-inits-unwind.cpp
FAIL exception/exceptions-no-rtti.cpp
FAIL array-default-argument.cpp
FAIL weak-external.cpp
FAIL cxx0x-delegating-ctors.cpp
FAIL default-arguments.cpp
FAIL namespace/anonymous-namespaces.cpp
FAIL exception/eh.cpp
FAIL exception/throw-expression-typeinfo-in-address-space.cpp
FAIL exception/sizeof-unwind-exception.cpp
FAIL const-init-cxx11.cpp
FAIL attr/attr-likelihood-if-branch-weights.cpp
FAIL return.cpp
FAIL conversion-operator-base.cpp
FAIL temporaries.cpp
